2025-06-20 16:40:24 [INFO] Starting database migration process...
2025-06-20 16:40:24 [INFO] Created directory: ./database_backups
2025-06-20 16:40:24 [INFO] Creating full database backup to ./database_backups/backup_karangue221_20250620_164024.sql...
2025-06-20 16:40:25 [SUCCESS] Database backup created successfully
2025-06-20 16:40:25 [INFO] Starting migration phase 1...
2025-06-20 16:40:25 [INFO] Executing migration phase 1: ./migrations/01_fix_redundancy_and_add_reference_tables.sql...
2025-06-20 16:40:25 [ERROR] Migration phase 1 failed
2025-06-20 16:40:25 [ERROR] Phase 1 migration failed, rolling back to backup
2025-06-20 16:40:25 [WARNING] Restoring database from backup: ./database_backups/backup_karangue221_20250620_164024.sql...
2025-06-20 16:40:25 [SUCCESS] Database restored successfully from backup
2025-06-20 16:43:14 [INFO] Starting database migration process...
2025-06-20 16:43:14 [INFO] Creating full database backup to ./database_backups/backup_karangue221_20250620_164314.sql...
2025-06-20 16:43:14 [SUCCESS] Database backup created successfully
2025-06-20 16:43:14 [INFO] Starting migration phase 1...
2025-06-20 16:43:14 [INFO] Executing migration phase 1: ./migrations/01_fix_redundancy_and_add_reference_tables.sql...
2025-06-20 16:43:14 [SUCCESS] Migration phase 1 completed successfully
2025-06-20 16:43:14 [INFO] Validating data integrity after phase 1...
2025-06-20 16:43:14 [ERROR] Validation failed: redundant columns still exist in telemetry table
2025-06-20 16:43:14 [ERROR] Phase 1 validation failed, rolling back to backup
2025-06-20 16:43:14 [WARNING] Restoring database from backup: ./database_backups/backup_karangue221_20250620_164314.sql...
2025-06-20 16:43:14 [SUCCESS] Database restored successfully from backup
2025-06-20 16:44:15 [INFO] Starting database migration process...
2025-06-20 16:44:15 [INFO] Creating full database backup to ./database_backups/backup_karangue221_20250620_164415.sql...
2025-06-20 16:44:15 [SUCCESS] Database backup created successfully
2025-06-20 16:44:15 [INFO] Starting migration phase 1...
2025-06-20 16:44:15 [INFO] Executing migration phase 1: ./migrations/01_fix_redundancy_and_add_reference_tables.sql...
2025-06-20 16:44:16 [SUCCESS] Migration phase 1 completed successfully
2025-06-20 16:44:16 [INFO] Validating data integrity after phase 1...
2025-06-20 16:44:16 [ERROR] Validation failed: redundant columns still exist in telemetry table
2025-06-20 16:44:16 [ERROR] Phase 1 validation failed, rolling back to backup
2025-06-20 16:44:16 [WARNING] Restoring database from backup: ./database_backups/backup_karangue221_20250620_164415.sql...
2025-06-20 16:44:16 [SUCCESS] Database restored successfully from backup
2025-06-20 16:45:08 [INFO] Starting database migration process...
2025-06-20 16:45:08 [INFO] Creating full database backup to ./database_backups/backup_karangue221_20250620_164508.sql...
2025-06-20 16:45:08 [SUCCESS] Database backup created successfully
2025-06-20 16:45:08 [INFO] Starting migration phase 1...
2025-06-20 16:45:08 [INFO] Executing migration phase 1: ./migrations/01_fix_redundancy_and_add_reference_tables.sql...
2025-06-20 16:45:09 [SUCCESS] Migration phase 1 completed successfully
2025-06-20 16:45:09 [INFO] Validating data integrity after phase 1...
2025-06-20 16:45:09 [INFO] Validating telemetry table structure...
2025-06-20 16:45:09 [INFO] Current telemetry structure saved to telemetry_structure_debug.txt
2025-06-20 16:45:09 [INFO] Telemetry table has 9 columns
2025-06-20 16:45:09 [INFO] Telemetry table structure validation passed
2025-06-20 16:45:09 [SUCCESS] Phase 1 validation successful
2025-06-20 16:45:09 [INFO] Starting migration phase 2...
2025-06-20 16:45:09 [INFO] Executing migration phase 2: ./migrations/02_add_new_tables_and_enhance_existing.sql...
2025-06-20 16:45:09 [SUCCESS] Migration phase 2 completed successfully
2025-06-20 16:45:09 [INFO] Validating data integrity after phase 2...
2025-06-20 16:45:09 [SUCCESS] Phase 2 validation successful
2025-06-20 16:45:09 [INFO] Starting migration phase 3...
2025-06-20 16:45:09 [INFO] Executing migration phase 3: ./migrations/03_add_partitioning_views_triggers.sql...
2025-06-20 16:45:09 [ERROR] Migration phase 3 failed
2025-06-20 16:45:09 [ERROR] Phase 3 migration failed, rolling back to backup
2025-06-20 16:45:09 [WARNING] Restoring database from backup: ./database_backups/backup_karangue221_20250620_164508.sql...
2025-06-20 16:45:09 [SUCCESS] Database restored successfully from backup
2025-06-20 16:48:51 [INFO] Starting database migration process...
2025-06-20 16:48:51 [INFO] Creating full database backup to ./database_backups/backup_karangue221_20250620_164851.sql...
2025-06-20 16:48:51 [SUCCESS] Database backup created successfully
2025-06-20 16:48:51 [INFO] Starting migration phase 1...
2025-06-20 16:48:51 [INFO] Executing migration phase 1: ./migrations/01_fix_redundancy_and_add_reference_tables.sql...
2025-06-20 16:48:52 [SUCCESS] Migration phase 1 completed successfully
2025-06-20 16:48:52 [INFO] Validating data integrity after phase 1...
2025-06-20 16:48:52 [INFO] Validating telemetry table structure...
2025-06-20 16:48:52 [INFO] Current telemetry structure saved to telemetry_structure_debug.txt
2025-06-20 16:48:52 [INFO] Telemetry table has 9 columns
2025-06-20 16:48:52 [INFO] Telemetry table structure validation passed
2025-06-20 16:48:52 [SUCCESS] Phase 1 validation successful
2025-06-20 16:48:52 [INFO] Starting migration phase 2...
2025-06-20 16:48:52 [INFO] Executing migration phase 2: ./migrations/02_add_new_tables_and_enhance_existing.sql...
2025-06-20 16:48:52 [ERROR] Migration phase 2 failed
2025-06-20 16:48:52 [ERROR] Phase 2 migration failed, rolling back to backup
2025-06-20 16:48:52 [WARNING] Restoring database from backup: ./database_backups/backup_karangue221_20250620_164851.sql...
2025-06-20 16:48:52 [SUCCESS] Database restored successfully from backup
2025-06-20 16:50:21 [INFO] Starting database migration process...
2025-06-20 16:50:21 [INFO] Creating full database backup to ./database_backups/backup_karangue221_20250620_165021.sql...
2025-06-20 16:50:21 [SUCCESS] Database backup created successfully
2025-06-20 16:50:21 [INFO] Starting migration phase 1...
2025-06-20 16:50:21 [INFO] Executing migration phase 1: ./migrations/01_fix_redundancy_and_add_reference_tables.sql...
2025-06-20 16:50:21 [SUCCESS] Migration phase 1 completed successfully
2025-06-20 16:50:21 [INFO] Validating data integrity after phase 1...
2025-06-20 16:50:21 [INFO] Validating telemetry table structure...
2025-06-20 16:50:21 [INFO] Current telemetry structure saved to telemetry_structure_debug.txt
2025-06-20 16:50:21 [INFO] Telemetry table has 9 columns
2025-06-20 16:50:21 [INFO] Telemetry table structure validation passed
2025-06-20 16:50:21 [SUCCESS] Phase 1 validation successful
2025-06-20 16:50:21 [INFO] Starting migration phase 2...
2025-06-20 16:50:21 [INFO] Executing migration phase 2: ./migrations/02_add_new_tables_and_enhance_existing.sql...
2025-06-20 16:50:21 [ERROR] Migration phase 2 failed
2025-06-20 16:50:21 [ERROR] Phase 2 migration failed, rolling back to backup
2025-06-20 16:50:21 [WARNING] Restoring database from backup: ./database_backups/backup_karangue221_20250620_165021.sql...
2025-06-20 16:50:21 [SUCCESS] Database restored successfully from backup
2025-06-20 16:51:23 [INFO] Starting database migration process...
2025-06-20 16:51:23 [INFO] Creating full database backup to ./database_backups/backup_karangue221_20250620_165123.sql...
2025-06-20 16:51:23 [SUCCESS] Database backup created successfully
2025-06-20 16:51:23 [INFO] Starting migration phase 1...
2025-06-20 16:51:23 [INFO] Executing migration phase 1: ./migrations/01_fix_redundancy_and_add_reference_tables.sql...
2025-06-20 16:51:23 [SUCCESS] Migration phase 1 completed successfully
2025-06-20 16:51:23 [INFO] Validating data integrity after phase 1...
2025-06-20 16:51:23 [INFO] Validating telemetry table structure...
2025-06-20 16:51:23 [INFO] Current telemetry structure saved to telemetry_structure_debug.txt
2025-06-20 16:51:23 [INFO] Telemetry table has 9 columns
2025-06-20 16:51:23 [INFO] Telemetry table structure validation passed
2025-06-20 16:51:23 [SUCCESS] Phase 1 validation successful
2025-06-20 16:51:23 [INFO] Starting migration phase 2...
2025-06-20 16:51:23 [INFO] Executing migration phase 2: ./migrations/02_add_new_tables_and_enhance_existing.sql...
2025-06-20 16:51:23 [ERROR] Migration phase 2 failed
2025-06-20 16:51:23 [ERROR] Phase 2 migration failed, rolling back to backup
2025-06-20 16:51:23 [WARNING] Restoring database from backup: ./database_backups/backup_karangue221_20250620_165123.sql...
2025-06-20 16:51:24 [SUCCESS] Database restored successfully from backup
2025-06-20 16:52:22 [INFO] Starting database migration process...
2025-06-20 16:52:22 [INFO] Creating full database backup to ./database_backups/backup_karangue221_20250620_165222.sql...
2025-06-20 16:52:22 [SUCCESS] Database backup created successfully
2025-06-20 16:52:22 [INFO] Starting migration phase 1...
2025-06-20 16:52:22 [INFO] Executing migration phase 1: ./migrations/01_fix_redundancy_and_add_reference_tables.sql...
2025-06-20 16:52:23 [SUCCESS] Migration phase 1 completed successfully
2025-06-20 16:52:23 [INFO] Validating data integrity after phase 1...
2025-06-20 16:52:23 [INFO] Validating telemetry table structure...
2025-06-20 16:52:23 [INFO] Current telemetry structure saved to telemetry_structure_debug.txt
2025-06-20 16:52:23 [INFO] Telemetry table has 9 columns
2025-06-20 16:52:23 [INFO] Telemetry table structure validation passed
2025-06-20 16:52:23 [SUCCESS] Phase 1 validation successful
2025-06-20 16:52:23 [INFO] Starting migration phase 2...
2025-06-20 16:52:23 [INFO] Executing migration phase 2: ./migrations/02_add_new_tables_and_enhance_existing.sql...
2025-06-20 16:52:23 [ERROR] Migration phase 2 failed
2025-06-20 16:52:23 [ERROR] Phase 2 migration failed, rolling back to backup
2025-06-20 16:52:23 [WARNING] Restoring database from backup: ./database_backups/backup_karangue221_20250620_165222.sql...
2025-06-20 16:52:23 [SUCCESS] Database restored successfully from backup
2025-06-20 16:53:21 [INFO] Starting database migration process...
2025-06-20 16:53:21 [INFO] Creating full database backup to ./database_backups/backup_karangue221_20250620_165321.sql...
2025-06-20 16:53:21 [SUCCESS] Database backup created successfully
2025-06-20 16:53:21 [INFO] Starting migration phase 1...
2025-06-20 16:53:21 [INFO] Executing migration phase 1: ./migrations/01_fix_redundancy_and_add_reference_tables.sql...
2025-06-20 16:53:21 [SUCCESS] Migration phase 1 completed successfully
2025-06-20 16:53:21 [INFO] Validating data integrity after phase 1...
2025-06-20 16:53:21 [INFO] Validating telemetry table structure...
2025-06-20 16:53:21 [INFO] Current telemetry structure saved to telemetry_structure_debug.txt
2025-06-20 16:53:21 [INFO] Telemetry table has 9 columns
2025-06-20 16:53:21 [INFO] Telemetry table structure validation passed
2025-06-20 16:53:21 [SUCCESS] Phase 1 validation successful
2025-06-20 16:53:21 [INFO] Starting migration phase 2...
2025-06-20 16:53:21 [INFO] Executing migration phase 2: ./migrations/02_add_new_tables_and_enhance_existing.sql...
2025-06-20 16:53:21 [ERROR] Migration phase 2 failed
2025-06-20 16:53:21 [ERROR] Phase 2 migration failed, rolling back to backup
2025-06-20 16:53:21 [WARNING] Restoring database from backup: ./database_backups/backup_karangue221_20250620_165321.sql...
2025-06-20 16:53:21 [SUCCESS] Database restored successfully from backup
2025-06-20 16:55:57 [INFO] Starting database migration process...
2025-06-20 16:55:57 [INFO] Creating full database backup to ./database_backups/backup_karangue221_20250620_165557.sql...
2025-06-20 16:55:57 [SUCCESS] Database backup created successfully
2025-06-20 16:55:58 [INFO] Starting migration phase 1...
2025-06-20 16:55:58 [INFO] Executing migration phase 1: ./migrations/01_fix_redundancy_and_add_reference_tables.sql...
2025-06-20 16:55:58 [SUCCESS] Migration phase 1 completed successfully
2025-06-20 16:55:58 [INFO] Validating data integrity after phase 1...
2025-06-20 16:55:58 [INFO] Validating telemetry table structure...
2025-06-20 16:55:58 [INFO] Current telemetry structure saved to telemetry_structure_debug.txt
2025-06-20 16:55:58 [INFO] Telemetry table has 9 columns
2025-06-20 16:55:58 [INFO] Telemetry table structure validation passed
2025-06-20 16:55:58 [SUCCESS] Phase 1 validation successful
2025-06-20 16:55:58 [INFO] Starting migration phase 2...
2025-06-20 16:55:58 [INFO] Executing migration phase 2: ./migrations/02_add_new_tables_and_enhance_existing.sql...
2025-06-20 16:55:58 [ERROR] Migration phase 2 failed
2025-06-20 16:55:58 [ERROR] Phase 2 migration failed, rolling back to backup
2025-06-20 16:55:58 [WARNING] Restoring database from backup: ./database_backups/backup_karangue221_20250620_165557.sql...
2025-06-20 16:55:58 [SUCCESS] Database restored successfully from backup
2025-06-20 16:56:57 [INFO] Starting database migration process...
2025-06-20 16:56:57 [INFO] Creating full database backup to ./database_backups/backup_karangue221_20250620_165657.sql...
2025-06-20 16:56:57 [SUCCESS] Database backup created successfully
2025-06-20 16:56:57 [INFO] Starting migration phase 1...
2025-06-20 16:56:57 [INFO] Executing migration phase 1: ./migrations/01_fix_redundancy_and_add_reference_tables.sql...
2025-06-20 16:56:57 [SUCCESS] Migration phase 1 completed successfully
2025-06-20 16:56:57 [INFO] Validating data integrity after phase 1...
2025-06-20 16:56:57 [INFO] Validating telemetry table structure...
2025-06-20 16:56:57 [INFO] Current telemetry structure saved to telemetry_structure_debug.txt
2025-06-20 16:56:57 [INFO] Telemetry table has 9 columns
2025-06-20 16:56:57 [INFO] Telemetry table structure validation passed
2025-06-20 16:56:58 [SUCCESS] Phase 1 validation successful
2025-06-20 16:56:58 [INFO] Starting migration phase 2...
2025-06-20 16:56:58 [INFO] Executing migration phase 2: ./migrations/02_add_new_tables_and_enhance_existing.sql...
2025-06-20 16:56:58 [ERROR] Migration phase 2 failed
2025-06-20 16:56:58 [ERROR] Phase 2 migration failed, rolling back to backup
2025-06-20 16:56:58 [WARNING] Restoring database from backup: ./database_backups/backup_karangue221_20250620_165657.sql...
2025-06-20 16:56:58 [SUCCESS] Database restored successfully from backup
2025-06-20 16:57:25 [INFO] Starting database migration process...
2025-06-20 16:57:25 [INFO] Creating full database backup to ./database_backups/backup_karangue221_20250620_165725.sql...
2025-06-20 16:57:25 [SUCCESS] Database backup created successfully
2025-06-20 16:57:25 [INFO] Starting migration phase 1...
2025-06-20 16:57:25 [INFO] Executing migration phase 1: ./migrations/01_fix_redundancy_and_add_reference_tables.sql...
2025-06-20 16:57:25 [SUCCESS] Migration phase 1 completed successfully
2025-06-20 16:57:25 [INFO] Validating data integrity after phase 1...
2025-06-20 16:57:25 [INFO] Validating telemetry table structure...
2025-06-20 16:57:25 [INFO] Current telemetry structure saved to telemetry_structure_debug.txt
2025-06-20 16:57:25 [INFO] Telemetry table has 9 columns
2025-06-20 16:57:26 [INFO] Telemetry table structure validation passed
2025-06-20 16:57:26 [SUCCESS] Phase 1 validation successful
2025-06-20 16:57:26 [INFO] Starting migration phase 2...
2025-06-20 16:57:26 [INFO] Executing migration phase 2: ./migrations/02_add_new_tables_and_enhance_existing.sql...
2025-06-20 16:57:26 [ERROR] Migration phase 2 failed
2025-06-20 16:57:26 [ERROR] Phase 2 migration failed, rolling back to backup
2025-06-20 16:57:26 [WARNING] Restoring database from backup: ./database_backups/backup_karangue221_20250620_165725.sql...
2025-06-20 16:57:26 [SUCCESS] Database restored successfully from backup
2025-06-20 16:57:40 [INFO] Starting database migration process...
2025-06-20 16:57:40 [INFO] Creating full database backup to ./database_backups/backup_karangue221_20250620_165740.sql...
2025-06-20 16:57:40 [SUCCESS] Database backup created successfully
2025-06-20 16:57:41 [INFO] Starting migration phase 1...
2025-06-20 16:57:41 [INFO] Executing migration phase 1: ./migrations/01_fix_redundancy_and_add_reference_tables.sql...
2025-06-20 16:57:41 [SUCCESS] Migration phase 1 completed successfully
2025-06-20 16:57:41 [INFO] Validating data integrity after phase 1...
2025-06-20 16:57:41 [INFO] Validating telemetry table structure...
2025-06-20 16:57:41 [INFO] Current telemetry structure saved to telemetry_structure_debug.txt
2025-06-20 16:57:41 [INFO] Telemetry table has 9 columns
2025-06-20 16:57:41 [INFO] Telemetry table structure validation passed
2025-06-20 16:57:41 [SUCCESS] Phase 1 validation successful
2025-06-20 16:57:41 [INFO] Starting migration phase 2...
2025-06-20 16:57:41 [INFO] Executing migration phase 2: ./migrations/02_add_new_tables_and_enhance_existing.sql...
2025-06-20 16:57:41 [SUCCESS] Migration phase 2 completed successfully
2025-06-20 16:57:41 [INFO] Validating data integrity after phase 2...
2025-06-20 16:57:41 [SUCCESS] Phase 2 validation successful
2025-06-20 16:57:41 [INFO] Starting migration phase 3...
2025-06-20 16:57:41 [INFO] Executing migration phase 3: ./migrations/03_add_partitioning_views_triggers.sql...
2025-06-20 16:57:41 [ERROR] Migration phase 3 failed
2025-06-20 16:57:41 [ERROR] Phase 3 migration failed, rolling back to backup
2025-06-20 16:57:41 [WARNING] Restoring database from backup: ./database_backups/backup_karangue221_20250620_165740.sql...
2025-06-20 16:57:41 [SUCCESS] Database restored successfully from backup
2025-06-20 16:59:36 [INFO] Starting database migration process...
2025-06-20 16:59:36 [INFO] Creating full database backup to ./database_backups/backup_karangue221_20250620_165936.sql...
2025-06-20 16:59:36 [SUCCESS] Database backup created successfully
2025-06-20 16:59:36 [INFO] Starting migration phase 1...
2025-06-20 16:59:36 [INFO] Executing migration phase 1: ./migrations/01_fix_redundancy_and_add_reference_tables.sql...
2025-06-20 16:59:36 [SUCCESS] Migration phase 1 completed successfully
2025-06-20 16:59:36 [INFO] Validating data integrity after phase 1...
2025-06-20 16:59:36 [INFO] Validating telemetry table structure...
2025-06-20 16:59:36 [INFO] Current telemetry structure saved to telemetry_structure_debug.txt
2025-06-20 16:59:36 [INFO] Telemetry table has 9 columns
2025-06-20 16:59:36 [INFO] Telemetry table structure validation passed
2025-06-20 16:59:36 [SUCCESS] Phase 1 validation successful
2025-06-20 16:59:36 [INFO] Starting migration phase 2...
2025-06-20 16:59:36 [INFO] Executing migration phase 2: ./migrations/02_add_new_tables_and_enhance_existing.sql...
2025-06-20 16:59:37 [SUCCESS] Migration phase 2 completed successfully
2025-06-20 16:59:37 [INFO] Validating data integrity after phase 2...
2025-06-20 16:59:37 [SUCCESS] Phase 2 validation successful
2025-06-20 16:59:37 [INFO] Starting migration phase 3...
2025-06-20 16:59:37 [INFO] Executing migration phase 3: ./migrations/03_add_partitioning_views_triggers.sql...
2025-06-20 16:59:37 [ERROR] Migration phase 3 failed
2025-06-20 16:59:37 [ERROR] Phase 3 migration failed, rolling back to backup
2025-06-20 16:59:37 [WARNING] Restoring database from backup: ./database_backups/backup_karangue221_20250620_165936.sql...
2025-06-20 16:59:37 [SUCCESS] Database restored successfully from backup
2025-06-20 16:59:50 [INFO] Starting database migration process...
2025-06-20 16:59:50 [INFO] Creating full database backup to ./database_backups/backup_karangue221_20250620_165950.sql...
2025-06-20 16:59:50 [SUCCESS] Database backup created successfully
2025-06-20 16:59:50 [INFO] Starting migration phase 1...
2025-06-20 16:59:50 [INFO] Executing migration phase 1: ./migrations/01_fix_redundancy_and_add_reference_tables.sql...
2025-06-20 16:59:51 [SUCCESS] Migration phase 1 completed successfully
2025-06-20 16:59:51 [INFO] Validating data integrity after phase 1...
2025-06-20 16:59:51 [INFO] Validating telemetry table structure...
2025-06-20 16:59:51 [INFO] Current telemetry structure saved to telemetry_structure_debug.txt
2025-06-20 16:59:51 [INFO] Telemetry table has 9 columns
2025-06-20 16:59:51 [INFO] Telemetry table structure validation passed
2025-06-20 16:59:51 [SUCCESS] Phase 1 validation successful
2025-06-20 16:59:51 [INFO] Starting migration phase 2...
2025-06-20 16:59:51 [INFO] Executing migration phase 2: ./migrations/02_add_new_tables_and_enhance_existing.sql...
2025-06-20 16:59:51 [SUCCESS] Migration phase 2 completed successfully
2025-06-20 16:59:51 [INFO] Validating data integrity after phase 2...
2025-06-20 16:59:51 [SUCCESS] Phase 2 validation successful
2025-06-20 16:59:51 [INFO] Starting migration phase 3...
2025-06-20 16:59:51 [INFO] Executing migration phase 3: ./migrations/03_add_partitioning_views_triggers.sql...
2025-06-20 16:59:51 [ERROR] Migration phase 3 failed
2025-06-20 16:59:51 [ERROR] Phase 3 migration failed, rolling back to backup
2025-06-20 16:59:51 [WARNING] Restoring database from backup: ./database_backups/backup_karangue221_20250620_165950.sql...
2025-06-20 16:59:51 [SUCCESS] Database restored successfully from backup
2025-06-20 17:00:09 [INFO] Starting database migration process...
2025-06-20 17:00:10 [INFO] Creating full database backup to ./database_backups/backup_karangue221_20250620_170009.sql...
2025-06-20 17:00:10 [SUCCESS] Database backup created successfully
2025-06-20 17:00:10 [INFO] Starting migration phase 1...
2025-06-20 17:00:10 [INFO] Executing migration phase 1: ./migrations/01_fix_redundancy_and_add_reference_tables.sql...
2025-06-20 17:00:10 [SUCCESS] Migration phase 1 completed successfully
2025-06-20 17:00:10 [INFO] Validating data integrity after phase 1...
2025-06-20 17:00:10 [INFO] Validating telemetry table structure...
2025-06-20 17:00:10 [INFO] Current telemetry structure saved to telemetry_structure_debug.txt
2025-06-20 17:00:10 [INFO] Telemetry table has 9 columns
2025-06-20 17:00:10 [INFO] Telemetry table structure validation passed
2025-06-20 17:00:10 [SUCCESS] Phase 1 validation successful
2025-06-20 17:00:10 [INFO] Starting migration phase 2...
2025-06-20 17:00:10 [INFO] Executing migration phase 2: ./migrations/02_add_new_tables_and_enhance_existing.sql...
2025-06-20 17:00:10 [SUCCESS] Migration phase 2 completed successfully
2025-06-20 17:00:10 [INFO] Validating data integrity after phase 2...
2025-06-20 17:00:10 [SUCCESS] Phase 2 validation successful
2025-06-20 17:00:10 [INFO] Starting migration phase 3...
2025-06-20 17:00:10 [INFO] Executing migration phase 3: ./migrations/03_add_partitioning_views_triggers.sql...
2025-06-20 17:00:10 [SUCCESS] Migration phase 3 completed successfully
2025-06-20 17:00:10 [INFO] Validating data integrity after phase 3...
2025-06-20 17:00:10 [SUCCESS] Phase 3 validation successful
2025-06-20 17:00:10 [SUCCESS] Database migration completed successfully!
2025-06-20 17:00:10 [INFO] Backup file: ./database_backups/backup_karangue221_20250620_170009.sql
2025-06-20 17:00:35 [INFO] Starting database migration process...
2025-06-20 17:00:35 [INFO] Creating full database backup to ./database_backups/backup_karangue221_20250620_170035.sql...
2025-06-20 17:00:35 [SUCCESS] Database backup created successfully
2025-06-20 17:00:35 [INFO] Starting migration phase 1...
2025-06-20 17:00:35 [INFO] Executing migration phase 1: ./migrations/01_fix_redundancy_and_add_reference_tables.sql...
2025-06-20 17:00:35 [ERROR] Migration phase 1 failed
2025-06-20 17:00:35 [ERROR] Phase 1 migration failed, rolling back to backup
2025-06-20 17:00:35 [WARNING] Restoring database from backup: ./database_backups/backup_karangue221_20250620_170035.sql...
2025-06-20 17:00:35 [SUCCESS] Database restored successfully from backup
